<?xml version="1.0" encoding="UTF-8"?>
<coverage generated="1704981623253" clover="3.2.0">
  <project timestamp="1704981623253" name="All files">
    <metrics statements="10" coveredstatements="10" conditionals="2" coveredconditionals="2" methods="5" coveredmethods="2" elements="17" coveredelements="14" complexity="0" loc="10" ncloc="10" packages="1" files="2" classes="2"/>
    <file name="get-age.plugin.ts" path="C:\Users\argen\OneDrive\Desktop\code\node2023\node-ts-bases\src\plugins\get-age.plugin.ts">
      <metrics statements="6" coveredstatements="6" conditionals="1" coveredconditionals="1" methods="1" coveredmethods="1"/>
      <line num="1" count="1" type="cond" truecount="1" falsecount="0"/>
      <line num="2" count="3" type="stmt"/>
      <line num="3" count="3" type="stmt"/>
      <line num="4" count="3" type="stmt"/>
      <line num="5" count="3" type="stmt"/>
      <line num="6" count="3" type="stmt"/>
    </file>
    <file name="index.ts" path="C:\Users\argen\OneDrive\Desktop\code\node2023\node-ts-bases\src\plugins\index.ts">
      <metrics statements="4" coveredstatements="4" conditionals="1" coveredconditionals="1" methods="4" coveredmethods="1"/>
      <line num="1" count="1" type="cond" truecount="1" falsecount="0"/>
      <line num="2" count="1" type="stmt"/>
      <line num="3" count="1" type="stmt"/>
      <line num="4" count="1" type="stmt"/>
    </file>
  </project>
</coverage>
