{"C:\\Users\\argen\\OneDrive\\Desktop\\code\\node2023\\node-ts-bases\\src\\plugins\\http-client.plugin.ts": {"path":"C:\\Users\\argen\\OneDrive\\Desktop\\code\\node2023\\node-ts-bases\\src\\plugins\\http-client.plugin.ts","all":false,"statementMap":{"0":{"start":{"line":1,"column":0},"end":{"line":1,"column":26}},"1":{"start":{"line":2,"column":0},"end":{"line":2,"column":0}},"2":{"start":{"line":3,"column":0},"end":{"line":3,"column":33}},"3":{"start":{"line":4,"column":0},"end":{"line":4,"column":31}},"4":{"start":{"line":5,"column":0},"end":{"line":5,"column":42}},"5":{"start":{"line":6,"column":0},"end":{"line":6,"column":16}},"6":{"start":{"line":7,"column":0},"end":{"line":7,"column":39}},"7":{"start":{"line":8,"column":0},"end":{"line":8,"column":32}},"8":{"start":{"line":9,"column":0},"end":{"line":9,"column":4}},"9":{"start":{"line":10,"column":0},"end":{"line":10,"column":0}},"10":{"start":{"line":11,"column":0},"end":{"line":11,"column":43}},"11":{"start":{"line":12,"column":0},"end":{"line":12,"column":39}},"12":{"start":{"line":13,"column":0},"end":{"line":13,"column":4}},"13":{"start":{"line":14,"column":0},"end":{"line":14,"column":42}},"14":{"start":{"line":15,"column":0},"end":{"line":15,"column":39}},"15":{"start":{"line":16,"column":0},"end":{"line":16,"column":4}},"16":{"start":{"line":17,"column":0},"end":{"line":17,"column":34}},"17":{"start":{"line":18,"column":0},"end":{"line":18,"column":39}},"18":{"start":{"line":19,"column":0},"end":{"line":19,"column":4}},"19":{"start":{"line":20,"column":0},"end":{"line":20,"column":2}}},"s":{"0":1,"1":1,"2":1,"3":1,"4":1,"5":1,"6":1,"7":1,"8":1,"9":1,"10":1,"11":0,"12":0,"13":1,"14":0,"15":0,"16":1,"17":0,"18":0,"19":1},"branchMap":{"0":{"type":"branch","line":4,"loc":{"start":{"line":4,"column":7},"end":{"line":9,"column":4}},"locations":[{"start":{"line":4,"column":7},"end":{"line":9,"column":4}}]},"1":{"type":"branch","line":4,"loc":{"start":{"line":4,"column":29},"end":{"line":9,"column":3}},"locations":[{"start":{"line":4,"column":29},"end":{"line":9,"column":3}}]}},"b":{"0":[1],"1":[1]},"fnMap":{"0":{"name":"get","decl":{"start":{"line":4,"column":7},"end":{"line":9,"column":4}},"loc":{"start":{"line":4,"column":7},"end":{"line":9,"column":4}},"line":4},"1":{"name":"post","decl":{"start":{"line":11,"column":8},"end":{"line":13,"column":4}},"loc":{"start":{"line":11,"column":8},"end":{"line":13,"column":4}},"line":11},"2":{"name":"put","decl":{"start":{"line":14,"column":7},"end":{"line":16,"column":4}},"loc":{"start":{"line":14,"column":7},"end":{"line":16,"column":4}},"line":14},"3":{"name":"delete","decl":{"start":{"line":17,"column":10},"end":{"line":19,"column":4}},"loc":{"start":{"line":17,"column":10},"end":{"line":19,"column":4}},"line":17}},"f":{"0":1,"1":0,"2":0,"3":0}}
}
